0 info it worked if it ends with ok
1 verbose cli [ '/usr/bin/node', '/usr/bin/npm', 'run', 'prettier' ]
2 info using npm@3.5.2
3 info using node@v8.10.0
4 verbose run-script [ 'prettier' ]
5 info lifecycle any-nft-launchpad@~prettier: any-nft-launchpad@
6 verbose lifecycle any-nft-launchpad@~prettier: unsafe-perm in lifecycle true
7 verbose lifecycle any-nft-launchpad@~prettier: PATH: /usr/share/npm/bin/node-gyp-bin:/media/emanherawy/a2924234-8318-47b1-8e1c-b4c83bba4734/work/startfi/AnyNFTLaunchpad/node_modules/.bin:/usr/lib/git-core:/home/emanherawy/.local/bin:/home/emanherawy/.local/bin:/home/emanherawy/.local/bin:/home/emanherawy/.local/bin:/usr/local/sbin:/usr/local/bin:/usr/sbin:/usr/bin:/sbin:/bin:/usr/games:/usr/local/games:/snap/bin
8 verbose lifecycle any-nft-launchpad@~prettier: CWD: /media/emanherawy/a2924234-8318-47b1-8e1c-b4c83bba4734/work/startfi/AnyNFTLaunchpad
9 silly lifecycle any-nft-launchpad@~prettier: Args: [ '-c', 'prettier  --write \'contracts/**/*.sol\' ' ]
10 silly lifecycle any-nft-launchpad@~prettier: Returned: code: 1  signal: null
11 info lifecycle any-nft-launchpad@~prettier: Failed to exec prettier script
12 verbose stack Error: any-nft-launchpad@ prettier: `prettier  --write 'contracts/**/*.sol' `
12 verbose stack Exit status 1
12 verbose stack     at EventEmitter.<anonymous> (/usr/share/npm/lib/utils/lifecycle.js:232:16)
12 verbose stack     at emitTwo (events.js:126:13)
12 verbose stack     at EventEmitter.emit (events.js:214:7)
12 verbose stack     at ChildProcess.<anonymous> (/usr/share/npm/lib/utils/spawn.js:24:14)
12 verbose stack     at emitTwo (events.js:126:13)
12 verbose stack     at ChildProcess.emit (events.js:214:7)
12 verbose stack     at maybeClose (internal/child_process.js:925:16)
12 verbose stack     at Process.ChildProcess._handle.onexit (internal/child_process.js:209:5)
13 verbose pkgid any-nft-launchpad@
14 verbose cwd /media/emanherawy/a2924234-8318-47b1-8e1c-b4c83bba4734/work/startfi/AnyNFTLaunchpad
15 error Linux 4.15.0-159-generic
16 error argv "/usr/bin/node" "/usr/bin/npm" "run" "prettier"
17 error node v8.10.0
18 error npm  v3.5.2
19 error code ELIFECYCLE
20 error any-nft-launchpad@ prettier: `prettier  --write 'contracts/**/*.sol' `
20 error Exit status 1
21 error Failed at the any-nft-launchpad@ prettier script 'prettier  --write 'contracts/**/*.sol' '.
21 error Make sure you have the latest version of node.js and npm installed.
21 error If you do, this is most likely a problem with the any-nft-launchpad package,
21 error not with npm itself.
21 error Tell the author that this fails on your system:
21 error     prettier  --write 'contracts/**/*.sol'
21 error You can get information on how to open an issue for this project with:
21 error     npm bugs any-nft-launchpad
21 error Or if that isn't available, you can get their info via:
21 error     npm owner ls any-nft-launchpad
21 error There is likely additional logging output above.
22 verbose exit [ 1, true ]
